<?xml version="1.0" encoding="UTF-8"?>
<testng-results skipped="0" failed="0" ignored="0" total="2" passed="2">
  <reporter-output>
  </reporter-output>
  <suite name="Customer Suite" duration-ms="5470" started-at="2020-06-01T08:02:14Z" finished-at="2020-06-01T08:02:20Z">
    <groups>
    </groups>
    <test name="Test Customer" duration-ms="5470" started-at="2020-06-01T08:02:14Z" finished-at="2020-06-01T08:02:20Z">
      <class name="Testcases.AddCustomer">
        <test-method status="PASS" signature="Initialize()[pri:0, instance:Testcases.AddCustomer@7eac9008]" name="Initialize" is-config="true" duration-ms="8607" started-at="2020-06-01T13:32:06Z" finished-at="2020-06-01T13:32:14Z">
          <reporter-output>
          </reporter-output>
        </test-method> <!-- Initialize -->
        <test-method status="PASS" signature="AddnewCustomer(java.lang.String, java.lang.String, java.lang.String)[pri:1, instance:Testcases.AddCustomer@7eac9008]" name="AddnewCustomer" duration-ms="4889" started-at="2020-06-01T13:32:14Z" data-provider="getdata" finished-at="2020-06-01T13:32:19Z">
          <params>
            <param index="0">
              <value>
                <![CDATA[pankaj]]>
              </value>
            </param>
            <param index="1">
              <value>
                <![CDATA[sharma]]>
              </value>
            </param>
            <param index="2">
              <value>
                <![CDATA[201301.0]]>
              </value>
            </param>
          </params>
          <reporter-output>
          </reporter-output>
        </test-method> <!-- AddnewCustomer -->
        <test-method status="PASS" signature="searchcustomer(java.lang.String)[pri:2, instance:Testcases.AddCustomer@7eac9008]" name="searchcustomer" duration-ms="392" started-at="2020-06-01T13:32:19Z" data-provider="getvalue" finished-at="2020-06-01T13:32:20Z">
          <params>
            <param index="0">
              <value>
                <![CDATA[pankaj]]>
              </value>
            </param>
          </params>
          <reporter-output>
          </reporter-output>
        </test-method> <!-- searchcustomer -->
      </class> <!-- Testcases.AddCustomer -->
    </test> <!-- Test Customer -->
  </suite> <!-- Customer Suite -->
</testng-results>
